-------------------------------------------------------------------------------
Test set: in.ramanujan.translation.PythonCodeRunTest
-------------------------------------------------------------------------------
Tests run: 32, Failures: 0, Errors: 32, Skipped: 0, Time elapsed: 1.066 s <<< FAILURE! -- in in.ramanujan.translation.PythonCodeRunTest
in.ramanujan.translation.PythonCodeRunTest.testPythonTupleUnpackingAstParsing -- Time elapsed: 0.174 s <<< ERROR!
CompilationException(line=null, character=null, messageString=[Python AST JSON generation failed: ast2json not installed
])
	at in.ramanujan.translation.codeConverter.utils.PythonAstInvoker.invokeAstJson(PythonAstInvoker.java:94)
	at in.ramanujan.translation.PythonCodeRunTest.testPythonTupleUnpackingAstParsing(PythonCodeRunTest.java:1522)
	at java.base/jdk.internal.reflect.NativeMethodAccessorImpl.invoke0(Native Method)
	at java.base/jdk.internal.reflect.NativeMethodAccessorImpl.invoke(NativeMethodAccessorImpl.java:77)
	at java.base/jdk.internal.reflect.DelegatingMethodAccessorImpl.invoke(DelegatingMethodAccessorImpl.java:43)
	at java.base/java.lang.reflect.Method.invoke(Method.java:569)
	at org.junit.runners.model.FrameworkMethod$1.runReflectiveCall(FrameworkMethod.java:59)
	at org.junit.internal.runners.model.ReflectiveCallable.run(ReflectiveCallable.java:12)
	at org.junit.runners.model.FrameworkMethod.invokeExplosively(FrameworkMethod.java:56)
	at org.junit.internal.runners.statements.InvokeMethod.evaluate(InvokeMethod.java:17)
	at org.junit.internal.runners.statements.FailOnTimeout$CallableStatement.call(FailOnTimeout.java:299)
	at org.junit.internal.runners.statements.FailOnTimeout$CallableStatement.call(FailOnTimeout.java:293)
	at java.base/java.util.concurrent.FutureTask.run(FutureTask.java:264)
	at java.base/java.lang.Thread.run(Thread.java:840)

in.ramanujan.translation.PythonCodeRunTest.testPythonSimpleIfElse -- Time elapsed: 0.029 s <<< ERROR!
CompilationException(line=null, character=null, messageString=[Error parsing Python code: null])
	at in.ramanujan.translation.codeConverter.CodeConverter.interpretPython(CodeConverter.java:204)
	at in.ramanujan.translation.PythonCodeRunTest.interpretPythonAndGetVariableArrayMap(PythonCodeRunTest.java:1603)
	at in.ramanujan.translation.PythonCodeRunTest.testPythonSimpleIfElse(PythonCodeRunTest.java:759)
	at java.base/jdk.internal.reflect.NativeMethodAccessorImpl.invoke0(Native Method)
	at java.base/jdk.internal.reflect.NativeMethodAccessorImpl.invoke(NativeMethodAccessorImpl.java:77)
	at java.base/jdk.internal.reflect.DelegatingMethodAccessorImpl.invoke(DelegatingMethodAccessorImpl.java:43)
	at java.base/java.lang.reflect.Method.invoke(Method.java:569)
	at org.junit.runners.model.FrameworkMethod$1.runReflectiveCall(FrameworkMethod.java:59)
	at org.junit.internal.runners.model.ReflectiveCallable.run(ReflectiveCallable.java:12)
	at org.junit.runners.model.FrameworkMethod.invokeExplosively(FrameworkMethod.java:56)
	at org.junit.internal.runners.statements.InvokeMethod.evaluate(InvokeMethod.java:17)
	at org.junit.internal.runners.statements.FailOnTimeout$CallableStatement.call(FailOnTimeout.java:299)
	at org.junit.internal.runners.statements.FailOnTimeout$CallableStatement.call(FailOnTimeout.java:293)
	at java.base/java.util.concurrent.FutureTask.run(FutureTask.java:264)
	at java.base/java.lang.Thread.run(Thread.java:840)

in.ramanujan.translation.PythonCodeRunTest.testPythonComplexNestedStructures -- Time elapsed: 0.029 s <<< ERROR!
CompilationException(line=null, character=null, messageString=[Error parsing Python code: null])
	at in.ramanujan.translation.codeConverter.CodeConverter.interpretPython(CodeConverter.java:204)
	at in.ramanujan.translation.PythonCodeRunTest.interpretPythonAndGetVariableArrayMap(PythonCodeRunTest.java:1603)
	at in.ramanujan.translation.PythonCodeRunTest.testPythonComplexNestedStructures(PythonCodeRunTest.java:413)
	at java.base/jdk.internal.reflect.NativeMethodAccessorImpl.invoke0(Native Method)
	at java.base/jdk.internal.reflect.NativeMethodAccessorImpl.invoke(NativeMethodAccessorImpl.java:77)
	at java.base/jdk.internal.reflect.DelegatingMethodAccessorImpl.invoke(DelegatingMethodAccessorImpl.java:43)
	at java.base/java.lang.reflect.Method.invoke(Method.java:569)
	at org.junit.runners.model.FrameworkMethod$1.runReflectiveCall(FrameworkMethod.java:59)
	at org.junit.internal.runners.model.ReflectiveCallable.run(ReflectiveCallable.java:12)
	at org.junit.runners.model.FrameworkMethod.invokeExplosively(FrameworkMethod.java:56)
	at org.junit.internal.runners.statements.InvokeMethod.evaluate(InvokeMethod.java:17)
	at org.junit.internal.runners.statements.FailOnTimeout$CallableStatement.call(FailOnTimeout.java:299)
	at org.junit.internal.runners.statements.FailOnTimeout$CallableStatement.call(FailOnTimeout.java:293)
	at java.base/java.util.concurrent.FutureTask.run(FutureTask.java:264)
	at java.base/java.lang.Thread.run(Thread.java:840)

in.ramanujan.translation.PythonCodeRunTest.testPythonMergeAndSort -- Time elapsed: 0.029 s <<< ERROR!
CompilationException(line=null, character=null, messageString=[Error parsing Python code: null])
	at in.ramanujan.translation.codeConverter.CodeConverter.interpretPython(CodeConverter.java:204)
	at in.ramanujan.translation.PythonCodeRunTest.interpretPythonAndGetVariableArrayMap(PythonCodeRunTest.java:1603)
	at in.ramanujan.translation.PythonCodeRunTest.testPythonMergeAndSort(PythonCodeRunTest.java:699)
	at java.base/jdk.internal.reflect.NativeMethodAccessorImpl.invoke0(Native Method)
	at java.base/jdk.internal.reflect.NativeMethodAccessorImpl.invoke(NativeMethodAccessorImpl.java:77)
	at java.base/jdk.internal.reflect.DelegatingMethodAccessorImpl.invoke(DelegatingMethodAccessorImpl.java:43)
	at java.base/java.lang.reflect.Method.invoke(Method.java:569)
	at org.junit.runners.model.FrameworkMethod$1.runReflectiveCall(FrameworkMethod.java:59)
	at org.junit.internal.runners.model.ReflectiveCallable.run(ReflectiveCallable.java:12)
	at org.junit.runners.model.FrameworkMethod.invokeExplosively(FrameworkMethod.java:56)
	at org.junit.internal.runners.statements.InvokeMethod.evaluate(InvokeMethod.java:17)
	at org.junit.internal.runners.statements.FailOnTimeout$CallableStatement.call(FailOnTimeout.java:299)
	at org.junit.internal.runners.statements.FailOnTimeout$CallableStatement.call(FailOnTimeout.java:293)
	at java.base/java.util.concurrent.FutureTask.run(FutureTask.java:264)
	at java.base/java.lang.Thread.run(Thread.java:840)

in.ramanujan.translation.PythonCodeRunTest.testPythonFunctionChaining -- Time elapsed: 0.028 s <<< ERROR!
CompilationException(line=null, character=null, messageString=[Error parsing Python code: null])
	at in.ramanujan.translation.codeConverter.CodeConverter.interpretPython(CodeConverter.java:204)
	at in.ramanujan.translation.PythonCodeRunTest.interpretPythonAndGetVariableArrayMap(PythonCodeRunTest.java:1603)
	at in.ramanujan.translation.PythonCodeRunTest.testPythonFunctionChaining(PythonCodeRunTest.java:209)
	at java.base/jdk.internal.reflect.NativeMethodAccessorImpl.invoke0(Native Method)
	at java.base/jdk.internal.reflect.NativeMethodAccessorImpl.invoke(NativeMethodAccessorImpl.java:77)
	at java.base/jdk.internal.reflect.DelegatingMethodAccessorImpl.invoke(DelegatingMethodAccessorImpl.java:43)
	at java.base/java.lang.reflect.Method.invoke(Method.java:569)
	at org.junit.runners.model.FrameworkMethod$1.runReflectiveCall(FrameworkMethod.java:59)
	at org.junit.internal.runners.model.ReflectiveCallable.run(ReflectiveCallable.java:12)
	at org.junit.runners.model.FrameworkMethod.invokeExplosively(FrameworkMethod.java:56)
	at org.junit.internal.runners.statements.InvokeMethod.evaluate(InvokeMethod.java:17)
	at org.junit.internal.runners.statements.FailOnTimeout$CallableStatement.call(FailOnTimeout.java:299)
	at org.junit.internal.runners.statements.FailOnTimeout$CallableStatement.call(FailOnTimeout.java:293)
	at java.base/java.util.concurrent.FutureTask.run(FutureTask.java:264)
	at java.base/java.lang.Thread.run(Thread.java:840)

in.ramanujan.translation.PythonCodeRunTest.testPythonRecursiveArraySum -- Time elapsed: 0.029 s <<< ERROR!
CompilationException(line=null, character=null, messageString=[Error parsing Python code: null])
	at in.ramanujan.translation.codeConverter.CodeConverter.interpretPython(CodeConverter.java:204)
	at in.ramanujan.translation.PythonCodeRunTest.interpretPythonAndGetVariableArrayMap(PythonCodeRunTest.java:1603)
	at in.ramanujan.translation.PythonCodeRunTest.testPythonRecursiveArraySum(PythonCodeRunTest.java:356)
	at java.base/jdk.internal.reflect.NativeMethodAccessorImpl.invoke0(Native Method)
	at java.base/jdk.internal.reflect.NativeMethodAccessorImpl.invoke(NativeMethodAccessorImpl.java:77)
	at java.base/jdk.internal.reflect.DelegatingMethodAccessorImpl.invoke(DelegatingMethodAccessorImpl.java:43)
	at java.base/java.lang.reflect.Method.invoke(Method.java:569)
	at org.junit.runners.model.FrameworkMethod$1.runReflectiveCall(FrameworkMethod.java:59)
	at org.junit.internal.runners.model.ReflectiveCallable.run(ReflectiveCallable.java:12)
	at org.junit.runners.model.FrameworkMethod.invokeExplosively(FrameworkMethod.java:56)
	at org.junit.internal.runners.statements.InvokeMethod.evaluate(InvokeMethod.java:17)
	at org.junit.internal.runners.statements.FailOnTimeout$CallableStatement.call(FailOnTimeout.java:299)
	at org.junit.internal.runners.statements.FailOnTimeout$CallableStatement.call(FailOnTimeout.java:293)
	at java.base/java.util.concurrent.FutureTask.run(FutureTask.java:264)
	at java.base/java.lang.Thread.run(Thread.java:840)

in.ramanujan.translation.PythonCodeRunTest.testPythonRecursiveWithComplexReturns -- Time elapsed: 0.028 s <<< ERROR!
CompilationException(line=null, character=null, messageString=[Error parsing Python code: null])
	at in.ramanujan.translation.codeConverter.CodeConverter.interpretPython(CodeConverter.java:204)
	at in.ramanujan.translation.PythonCodeRunTest.interpretPythonAndGetVariableArrayMap(PythonCodeRunTest.java:1603)
	at in.ramanujan.translation.PythonCodeRunTest.testPythonRecursiveWithComplexReturns(PythonCodeRunTest.java:1234)
	at java.base/jdk.internal.reflect.NativeMethodAccessorImpl.invoke0(Native Method)
	at java.base/jdk.internal.reflect.NativeMethodAccessorImpl.invoke(NativeMethodAccessorImpl.java:77)
	at java.base/jdk.internal.reflect.DelegatingMethodAccessorImpl.invoke(DelegatingMethodAccessorImpl.java:43)
	at java.base/java.lang.reflect.Method.invoke(Method.java:569)
	at org.junit.runners.model.FrameworkMethod$1.runReflectiveCall(FrameworkMethod.java:59)
	at org.junit.internal.runners.model.ReflectiveCallable.run(ReflectiveCallable.java:12)
	at org.junit.runners.model.FrameworkMethod.invokeExplosively(FrameworkMethod.java:56)
	at org.junit.internal.runners.statements.InvokeMethod.evaluate(InvokeMethod.java:17)
	at org.junit.internal.runners.statements.FailOnTimeout$CallableStatement.call(FailOnTimeout.java:299)
	at org.junit.internal.runners.statements.FailOnTimeout$CallableStatement.call(FailOnTimeout.java:293)
	at java.base/java.util.concurrent.FutureTask.run(FutureTask.java:264)
	at java.base/java.lang.Thread.run(Thread.java:840)

in.ramanujan.translation.PythonCodeRunTest.verySimpleAssignments -- Time elapsed: 0.029 s <<< ERROR!
CompilationException(line=null, character=null, messageString=[Error parsing Python code: null])
	at in.ramanujan.translation.codeConverter.CodeConverter.interpretPython(CodeConverter.java:204)
	at in.ramanujan.translation.PythonCodeRunTest.interpretPythonAndGetVariableArrayMap(PythonCodeRunTest.java:1603)
	at in.ramanujan.translation.PythonCodeRunTest.verySimpleAssignments(PythonCodeRunTest.java:54)
	at java.base/jdk.internal.reflect.NativeMethodAccessorImpl.invoke0(Native Method)
	at java.base/jdk.internal.reflect.NativeMethodAccessorImpl.invoke(NativeMethodAccessorImpl.java:77)
	at java.base/jdk.internal.reflect.DelegatingMethodAccessorImpl.invoke(DelegatingMethodAccessorImpl.java:43)
	at java.base/java.lang.reflect.Method.invoke(Method.java:569)
	at org.junit.runners.model.FrameworkMethod$1.runReflectiveCall(FrameworkMethod.java:59)
	at org.junit.internal.runners.model.ReflectiveCallable.run(ReflectiveCallable.java:12)
	at org.junit.runners.model.FrameworkMethod.invokeExplosively(FrameworkMethod.java:56)
	at org.junit.internal.runners.statements.InvokeMethod.evaluate(InvokeMethod.java:17)
	at org.junit.runners.ParentRunner$3.evaluate(ParentRunner.java:306)
	at org.junit.runners.BlockJUnit4ClassRunner$1.evaluate(BlockJUnit4ClassRunner.java:100)
	at org.junit.runners.ParentRunner.runLeaf(ParentRunner.java:366)
	at org.junit.runners.BlockJUnit4ClassRunner.runChild(BlockJUnit4ClassRunner.java:103)
	at org.junit.runners.BlockJUnit4ClassRunner.runChild(BlockJUnit4ClassRunner.java:63)
	at org.junit.runners.ParentRunner$4.run(ParentRunner.java:331)
	at org.junit.runners.ParentRunner$1.schedule(ParentRunner.java:79)
	at org.junit.runners.ParentRunner.runChildren(ParentRunner.java:329)
	at org.junit.runners.ParentRunner.access$100(ParentRunner.java:66)
	at org.junit.runners.ParentRunner$2.evaluate(ParentRunner.java:293)
	at org.junit.runners.ParentRunner$3.evaluate(ParentRunner.java:306)
	at org.junit.runners.ParentRunner.run(ParentRunner.java:413)
	at org.apache.maven.surefire.junit4.JUnit4Provider.execute(JUnit4Provider.java:316)
	at org.apache.maven.surefire.junit4.JUnit4Provider.executeWithRerun(JUnit4Provider.java:240)
	at org.apache.maven.surefire.junit4.JUnit4Provider.executeTestSet(JUnit4Provider.java:214)
	at org.apache.maven.surefire.junit4.JUnit4Provider.invoke(JUnit4Provider.java:155)
	at org.apache.maven.surefire.booter.ForkedBooter.runSuitesInProcess(ForkedBooter.java:385)
	at org.apache.maven.surefire.booter.ForkedBooter.execute(ForkedBooter.java:162)
	at org.apache.maven.surefire.booter.ForkedBooter.run(ForkedBooter.java:507)
	at org.apache.maven.surefire.booter.ForkedBooter.main(ForkedBooter.java:495)

in.ramanujan.translation.PythonCodeRunTest.testPythonComplexNestedControlFlowReturns -- Time elapsed: 0.029 s <<< ERROR!
CompilationException(line=null, character=null, messageString=[Error parsing Python code: null])
	at in.ramanujan.translation.codeConverter.CodeConverter.interpretPython(CodeConverter.java:204)
	at in.ramanujan.translation.PythonCodeRunTest.interpretPythonAndGetVariableArrayMap(PythonCodeRunTest.java:1603)
	at in.ramanujan.translation.PythonCodeRunTest.testPythonComplexNestedControlFlowReturns(PythonCodeRunTest.java:1107)
	at java.base/jdk.internal.reflect.NativeMethodAccessorImpl.invoke0(Native Method)
	at java.base/jdk.internal.reflect.NativeMethodAccessorImpl.invoke(NativeMethodAccessorImpl.java:77)
	at java.base/jdk.internal.reflect.DelegatingMethodAccessorImpl.invoke(DelegatingMethodAccessorImpl.java:43)
	at java.base/java.lang.reflect.Method.invoke(Method.java:569)
	at org.junit.runners.model.FrameworkMethod$1.runReflectiveCall(FrameworkMethod.java:59)
	at org.junit.internal.runners.model.ReflectiveCallable.run(ReflectiveCallable.java:12)
	at org.junit.runners.model.FrameworkMethod.invokeExplosively(FrameworkMethod.java:56)
	at org.junit.internal.runners.statements.InvokeMethod.evaluate(InvokeMethod.java:17)
	at org.junit.internal.runners.statements.FailOnTimeout$CallableStatement.call(FailOnTimeout.java:299)
	at org.junit.internal.runners.statements.FailOnTimeout$CallableStatement.call(FailOnTimeout.java:293)
	at java.base/java.util.concurrent.FutureTask.run(FutureTask.java:264)
	at java.base/java.lang.Thread.run(Thread.java:840)

in.ramanujan.translation.PythonCodeRunTest.testPythonSimpleWhileLoop -- Time elapsed: 0.030 s <<< ERROR!
CompilationException(line=null, character=null, messageString=[Error parsing Python code: null])
	at in.ramanujan.translation.codeConverter.CodeConverter.interpretPython(CodeConverter.java:204)
	at in.ramanujan.translation.PythonCodeRunTest.interpretPythonAndGetVariableArrayMap(PythonCodeRunTest.java:1603)
	at in.ramanujan.translation.PythonCodeRunTest.testPythonSimpleWhileLoop(PythonCodeRunTest.java:781)
	at java.base/jdk.internal.reflect.NativeMethodAccessorImpl.invoke0(Native Method)
	at java.base/jdk.internal.reflect.NativeMethodAccessorImpl.invoke(NativeMethodAccessorImpl.java:77)
	at java.base/jdk.internal.reflect.DelegatingMethodAccessorImpl.invoke(DelegatingMethodAccessorImpl.java:43)
	at java.base/java.lang.reflect.Method.invoke(Method.java:569)
	at org.junit.runners.model.FrameworkMethod$1.runReflectiveCall(FrameworkMethod.java:59)
	at org.junit.internal.runners.model.ReflectiveCallable.run(ReflectiveCallable.java:12)
	at org.junit.runners.model.FrameworkMethod.invokeExplosively(FrameworkMethod.java:56)
	at org.junit.internal.runners.statements.InvokeMethod.evaluate(InvokeMethod.java:17)
	at org.junit.internal.runners.statements.FailOnTimeout$CallableStatement.call(FailOnTimeout.java:299)
	at org.junit.internal.runners.statements.FailOnTimeout$CallableStatement.call(FailOnTimeout.java:293)
	at java.base/java.util.concurrent.FutureTask.run(FutureTask.java:264)
	at java.base/java.lang.Thread.run(Thread.java:840)

in.ramanujan.translation.PythonCodeRunTest.testPythonComplexStateTransition -- Time elapsed: 0.029 s <<< ERROR!
CompilationException(line=null, character=null, messageString=[Error parsing Python code: null])
	at in.ramanujan.translation.codeConverter.CodeConverter.interpretPython(CodeConverter.java:204)
	at in.ramanujan.translation.PythonCodeRunTest.interpretPythonAndGetVariableArrayMap(PythonCodeRunTest.java:1603)
	at in.ramanujan.translation.PythonCodeRunTest.testPythonComplexStateTransition(PythonCodeRunTest.java:534)
	at java.base/jdk.internal.reflect.NativeMethodAccessorImpl.invoke0(Native Method)
	at java.base/jdk.internal.reflect.NativeMethodAccessorImpl.invoke(NativeMethodAccessorImpl.java:77)
	at java.base/jdk.internal.reflect.DelegatingMethodAccessorImpl.invoke(DelegatingMethodAccessorImpl.java:43)
	at java.base/java.lang.reflect.Method.invoke(Method.java:569)
	at org.junit.runners.model.FrameworkMethod$1.runReflectiveCall(FrameworkMethod.java:59)
	at org.junit.internal.runners.model.ReflectiveCallable.run(ReflectiveCallable.java:12)
	at org.junit.runners.model.FrameworkMethod.invokeExplosively(FrameworkMethod.java:56)
	at org.junit.internal.runners.statements.InvokeMethod.evaluate(InvokeMethod.java:17)
	at org.junit.internal.runners.statements.FailOnTimeout$CallableStatement.call(FailOnTimeout.java:299)
	at org.junit.internal.runners.statements.FailOnTimeout$CallableStatement.call(FailOnTimeout.java:293)
	at java.base/java.util.concurrent.FutureTask.run(FutureTask.java:264)
	at java.base/java.lang.Thread.run(Thread.java:840)

in.ramanujan.translation.PythonCodeRunTest.testPythonSimpleReturnValue -- Time elapsed: 0.027 s <<< ERROR!
CompilationException(line=null, character=null, messageString=[Error parsing Python code: null])
	at in.ramanujan.translation.codeConverter.CodeConverter.interpretPython(CodeConverter.java:204)
	at in.ramanujan.translation.PythonCodeRunTest.interpretPythonAndGetVariableArrayMap(PythonCodeRunTest.java:1603)
	at in.ramanujan.translation.PythonCodeRunTest.testPythonSimpleReturnValue(PythonCodeRunTest.java:850)
	at java.base/jdk.internal.reflect.NativeMethodAccessorImpl.invoke0(Native Method)
	at java.base/jdk.internal.reflect.NativeMethodAccessorImpl.invoke(NativeMethodAccessorImpl.java:77)
	at java.base/jdk.internal.reflect.DelegatingMethodAccessorImpl.invoke(DelegatingMethodAccessorImpl.java:43)
	at java.base/java.lang.reflect.Method.invoke(Method.java:569)
	at org.junit.runners.model.FrameworkMethod$1.runReflectiveCall(FrameworkMethod.java:59)
	at org.junit.internal.runners.model.ReflectiveCallable.run(ReflectiveCallable.java:12)
	at org.junit.runners.model.FrameworkMethod.invokeExplosively(FrameworkMethod.java:56)
	at org.junit.internal.runners.statements.InvokeMethod.evaluate(InvokeMethod.java:17)
	at org.junit.internal.runners.statements.FailOnTimeout$CallableStatement.call(FailOnTimeout.java:299)
	at org.junit.internal.runners.statements.FailOnTimeout$CallableStatement.call(FailOnTimeout.java:293)
	at java.base/java.util.concurrent.FutureTask.run(FutureTask.java:264)
	at java.base/java.lang.Thread.run(Thread.java:840)

in.ramanujan.translation.PythonCodeRunTest.testPythonReturnStatementAstParsing -- Time elapsed: 0.027 s <<< ERROR!
CompilationException(line=null, character=null, messageString=[Python AST JSON generation failed: ast2json not installed
])
	at in.ramanujan.translation.codeConverter.utils.PythonAstInvoker.invokeAstJson(PythonAstInvoker.java:94)
	at in.ramanujan.translation.PythonCodeRunTest.testPythonReturnStatementAstParsing(PythonCodeRunTest.java:1404)
	at java.base/jdk.internal.reflect.NativeMethodAccessorImpl.invoke0(Native Method)
	at java.base/jdk.internal.reflect.NativeMethodAccessorImpl.invoke(NativeMethodAccessorImpl.java:77)
	at java.base/jdk.internal.reflect.DelegatingMethodAccessorImpl.invoke(DelegatingMethodAccessorImpl.java:43)
	at java.base/java.lang.reflect.Method.invoke(Method.java:569)
	at org.junit.runners.model.FrameworkMethod$1.runReflectiveCall(FrameworkMethod.java:59)
	at org.junit.internal.runners.model.ReflectiveCallable.run(ReflectiveCallable.java:12)
	at org.junit.runners.model.FrameworkMethod.invokeExplosively(FrameworkMethod.java:56)
	at org.junit.internal.runners.statements.InvokeMethod.evaluate(InvokeMethod.java:17)
	at org.junit.internal.runners.statements.FailOnTimeout$CallableStatement.call(FailOnTimeout.java:299)
	at org.junit.internal.runners.statements.FailOnTimeout$CallableStatement.call(FailOnTimeout.java:293)
	at java.base/java.util.concurrent.FutureTask.run(FutureTask.java:264)
	at java.base/java.lang.Thread.run(Thread.java:840)

in.ramanujan.translation.PythonCodeRunTest.testPythonEarlyReturnBranches -- Time elapsed: 0.029 s <<< ERROR!
CompilationException(line=null, character=null, messageString=[Error parsing Python code: null])
	at in.ramanujan.translation.codeConverter.CodeConverter.interpretPython(CodeConverter.java:204)
	at in.ramanujan.translation.PythonCodeRunTest.interpretPythonAndGetVariableArrayMap(PythonCodeRunTest.java:1603)
	at in.ramanujan.translation.PythonCodeRunTest.testPythonEarlyReturnBranches(PythonCodeRunTest.java:879)
	at java.base/jdk.internal.reflect.NativeMethodAccessorImpl.invoke0(Native Method)
	at java.base/jdk.internal.reflect.NativeMethodAccessorImpl.invoke(NativeMethodAccessorImpl.java:77)
	at java.base/jdk.internal.reflect.DelegatingMethodAccessorImpl.invoke(DelegatingMethodAccessorImpl.java:43)
	at java.base/java.lang.reflect.Method.invoke(Method.java:569)
	at org.junit.runners.model.FrameworkMethod$1.runReflectiveCall(FrameworkMethod.java:59)
	at org.junit.internal.runners.model.ReflectiveCallable.run(ReflectiveCallable.java:12)
	at org.junit.runners.model.FrameworkMethod.invokeExplosively(FrameworkMethod.java:56)
	at org.junit.internal.runners.statements.InvokeMethod.evaluate(InvokeMethod.java:17)
	at org.junit.internal.runners.statements.FailOnTimeout$CallableStatement.call(FailOnTimeout.java:299)
	at org.junit.internal.runners.statements.FailOnTimeout$CallableStatement.call(FailOnTimeout.java:293)
	at java.base/java.util.concurrent.FutureTask.run(FutureTask.java:264)
	at java.base/java.lang.Thread.run(Thread.java:840)

in.ramanujan.translation.PythonCodeRunTest.testPythonBubbleSort -- Time elapsed: 0.029 s <<< ERROR!
CompilationException(line=null, character=null, messageString=[Error parsing Python code: null])
	at in.ramanujan.translation.codeConverter.CodeConverter.interpretPython(CodeConverter.java:204)
	at in.ramanujan.translation.PythonCodeRunTest.interpretPythonAndGetVariableArrayMap(PythonCodeRunTest.java:1603)
	at in.ramanujan.translation.PythonCodeRunTest.testPythonBubbleSort(PythonCodeRunTest.java:313)
	at java.base/jdk.internal.reflect.NativeMethodAccessorImpl.invoke0(Native Method)
	at java.base/jdk.internal.reflect.NativeMethodAccessorImpl.invoke(NativeMethodAccessorImpl.java:77)
	at java.base/jdk.internal.reflect.DelegatingMethodAccessorImpl.invoke(DelegatingMethodAccessorImpl.java:43)
	at java.base/java.lang.reflect.Method.invoke(Method.java:569)
	at org.junit.runners.model.FrameworkMethod$1.runReflectiveCall(FrameworkMethod.java:59)
	at org.junit.internal.runners.model.ReflectiveCallable.run(ReflectiveCallable.java:12)
	at org.junit.runners.model.FrameworkMethod.invokeExplosively(FrameworkMethod.java:56)
	at org.junit.internal.runners.statements.InvokeMethod.evaluate(InvokeMethod.java:17)
	at org.junit.internal.runners.statements.FailOnTimeout$CallableStatement.call(FailOnTimeout.java:299)
	at org.junit.internal.runners.statements.FailOnTimeout$CallableStatement.call(FailOnTimeout.java:293)
	at java.base/java.util.concurrent.FutureTask.run(FutureTask.java:264)
	at java.base/java.lang.Thread.run(Thread.java:840)

in.ramanujan.translation.PythonCodeRunTest.testPythonReturnWithArrayManipulation -- Time elapsed: 0.030 s <<< ERROR!
CompilationException(line=null, character=null, messageString=[Error parsing Python code: null])
	at in.ramanujan.translation.codeConverter.CodeConverter.interpretPython(CodeConverter.java:204)
	at in.ramanujan.translation.PythonCodeRunTest.interpretPythonAndGetVariableArrayMap(PythonCodeRunTest.java:1603)
	at in.ramanujan.translation.PythonCodeRunTest.testPythonReturnWithArrayManipulation(PythonCodeRunTest.java:1171)
	at java.base/jdk.internal.reflect.NativeMethodAccessorImpl.invoke0(Native Method)
	at java.base/jdk.internal.reflect.NativeMethodAccessorImpl.invoke(NativeMethodAccessorImpl.java:77)
	at java.base/jdk.internal.reflect.DelegatingMethodAccessorImpl.invoke(DelegatingMethodAccessorImpl.java:43)
	at java.base/java.lang.reflect.Method.invoke(Method.java:569)
	at org.junit.runners.model.FrameworkMethod$1.runReflectiveCall(FrameworkMethod.java:59)
	at org.junit.internal.runners.model.ReflectiveCallable.run(ReflectiveCallable.java:12)
	at org.junit.runners.model.FrameworkMethod.invokeExplosively(FrameworkMethod.java:56)
	at org.junit.internal.runners.statements.InvokeMethod.evaluate(InvokeMethod.java:17)
	at org.junit.internal.runners.statements.FailOnTimeout$CallableStatement.call(FailOnTimeout.java:299)
	at org.junit.internal.runners.statements.FailOnTimeout$CallableStatement.call(FailOnTimeout.java:293)
	at java.base/java.util.concurrent.FutureTask.run(FutureTask.java:264)
	at java.base/java.lang.Thread.run(Thread.java:840)

in.ramanujan.translation.PythonCodeRunTest.testPythonNestedWhileLoops -- Time elapsed: 0.030 s <<< ERROR!
CompilationException(line=null, character=null, messageString=[Error parsing Python code: null])
	at in.ramanujan.translation.codeConverter.CodeConverter.interpretPython(CodeConverter.java:204)
	at in.ramanujan.translation.PythonCodeRunTest.interpretPythonAndGetVariableArrayMap(PythonCodeRunTest.java:1603)
	at in.ramanujan.translation.PythonCodeRunTest.testPythonNestedWhileLoops(PythonCodeRunTest.java:88)
	at java.base/jdk.internal.reflect.NativeMethodAccessorImpl.invoke0(Native Method)
	at java.base/jdk.internal.reflect.NativeMethodAccessorImpl.invoke(NativeMethodAccessorImpl.java:77)
	at java.base/jdk.internal.reflect.DelegatingMethodAccessorImpl.invoke(DelegatingMethodAccessorImpl.java:43)
	at java.base/java.lang.reflect.Method.invoke(Method.java:569)
	at org.junit.runners.model.FrameworkMethod$1.runReflectiveCall(FrameworkMethod.java:59)
	at org.junit.internal.runners.model.ReflectiveCallable.run(ReflectiveCallable.java:12)
	at org.junit.runners.model.FrameworkMethod.invokeExplosively(FrameworkMethod.java:56)
	at org.junit.internal.runners.statements.InvokeMethod.evaluate(InvokeMethod.java:17)
	at org.junit.internal.runners.statements.FailOnTimeout$CallableStatement.call(FailOnTimeout.java:299)
	at org.junit.internal.runners.statements.FailOnTimeout$CallableStatement.call(FailOnTimeout.java:293)
	at java.base/java.util.concurrent.FutureTask.run(FutureTask.java:264)
	at java.base/java.lang.Thread.run(Thread.java:840)

in.ramanujan.translation.PythonCodeRunTest.testPythonMutualRecursion -- Time elapsed: 0.028 s <<< ERROR!
CompilationException(line=null, character=null, messageString=[Error parsing Python code: null])
	at in.ramanujan.translation.codeConverter.CodeConverter.interpretPython(CodeConverter.java:204)
	at in.ramanujan.translation.PythonCodeRunTest.interpretPythonAndGetVariableArrayMap(PythonCodeRunTest.java:1603)
	at in.ramanujan.translation.PythonCodeRunTest.testPythonMutualRecursion(PythonCodeRunTest.java:461)
	at java.base/jdk.internal.reflect.NativeMethodAccessorImpl.invoke0(Native Method)
	at java.base/jdk.internal.reflect.NativeMethodAccessorImpl.invoke(NativeMethodAccessorImpl.java:77)
	at java.base/jdk.internal.reflect.DelegatingMethodAccessorImpl.invoke(DelegatingMethodAccessorImpl.java:43)
	at java.base/java.lang.reflect.Method.invoke(Method.java:569)
	at org.junit.runners.model.FrameworkMethod$1.runReflectiveCall(FrameworkMethod.java:59)
	at org.junit.internal.runners.model.ReflectiveCallable.run(ReflectiveCallable.java:12)
	at org.junit.runners.model.FrameworkMethod.invokeExplosively(FrameworkMethod.java:56)
	at org.junit.internal.runners.statements.InvokeMethod.evaluate(InvokeMethod.java:17)
	at org.junit.internal.runners.statements.FailOnTimeout$CallableStatement.call(FailOnTimeout.java:299)
	at org.junit.internal.runners.statements.FailOnTimeout$CallableStatement.call(FailOnTimeout.java:293)
	at java.base/java.util.concurrent.FutureTask.run(FutureTask.java:264)
	at java.base/java.lang.Thread.run(Thread.java:840)

in.ramanujan.translation.PythonCodeRunTest.testPythonSimpleArithmetic -- Time elapsed: 0.030 s <<< ERROR!
CompilationException(line=null, character=null, messageString=[Error parsing Python code: null])
	at in.ramanujan.translation.codeConverter.CodeConverter.interpretPython(CodeConverter.java:204)
	at in.ramanujan.translation.PythonCodeRunTest.interpretPythonAndGetVariableArrayMap(PythonCodeRunTest.java:1603)
	at in.ramanujan.translation.PythonCodeRunTest.testPythonSimpleArithmetic(PythonCodeRunTest.java:732)
	at java.base/jdk.internal.reflect.NativeMethodAccessorImpl.invoke0(Native Method)
	at java.base/jdk.internal.reflect.NativeMethodAccessorImpl.invoke(NativeMethodAccessorImpl.java:77)
	at java.base/jdk.internal.reflect.DelegatingMethodAccessorImpl.invoke(DelegatingMethodAccessorImpl.java:43)
	at java.base/java.lang.reflect.Method.invoke(Method.java:569)
	at org.junit.runners.model.FrameworkMethod$1.runReflectiveCall(FrameworkMethod.java:59)
	at org.junit.internal.runners.model.ReflectiveCallable.run(ReflectiveCallable.java:12)
	at org.junit.runners.model.FrameworkMethod.invokeExplosively(FrameworkMethod.java:56)
	at org.junit.internal.runners.statements.InvokeMethod.evaluate(InvokeMethod.java:17)
	at org.junit.internal.runners.statements.FailOnTimeout$CallableStatement.call(FailOnTimeout.java:299)
	at org.junit.internal.runners.statements.FailOnTimeout$CallableStatement.call(FailOnTimeout.java:293)
	at java.base/java.util.concurrent.FutureTask.run(FutureTask.java:264)
	at java.base/java.lang.Thread.run(Thread.java:840)

in.ramanujan.translation.PythonCodeRunTest.testPythonNestedIfElseBlocks -- Time elapsed: 0.028 s <<< ERROR!
CompilationException(line=null, character=null, messageString=[Error parsing Python code: null])
	at in.ramanujan.translation.codeConverter.CodeConverter.interpretPython(CodeConverter.java:204)
	at in.ramanujan.translation.PythonCodeRunTest.interpretPythonAndGetVariableArrayMap(PythonCodeRunTest.java:1603)
	at in.ramanujan.translation.PythonCodeRunTest.testPythonNestedIfElseBlocks(PythonCodeRunTest.java:132)
	at java.base/jdk.internal.reflect.NativeMethodAccessorImpl.invoke0(Native Method)
	at java.base/jdk.internal.reflect.NativeMethodAccessorImpl.invoke(NativeMethodAccessorImpl.java:77)
	at java.base/jdk.internal.reflect.DelegatingMethodAccessorImpl.invoke(DelegatingMethodAccessorImpl.java:43)
	at java.base/java.lang.reflect.Method.invoke(Method.java:569)
	at org.junit.runners.model.FrameworkMethod$1.runReflectiveCall(FrameworkMethod.java:59)
	at org.junit.internal.runners.model.ReflectiveCallable.run(ReflectiveCallable.java:12)
	at org.junit.runners.model.FrameworkMethod.invokeExplosively(FrameworkMethod.java:56)
	at org.junit.internal.runners.statements.InvokeMethod.evaluate(InvokeMethod.java:17)
	at org.junit.internal.runners.statements.FailOnTimeout$CallableStatement.call(FailOnTimeout.java:299)
	at org.junit.internal.runners.statements.FailOnTimeout$CallableStatement.call(FailOnTimeout.java:293)
	at java.base/java.util.concurrent.FutureTask.run(FutureTask.java:264)
	at java.base/java.lang.Thread.run(Thread.java:840)

in.ramanujan.translation.PythonCodeRunTest.testPythonDynamicSingleDimensionArray -- Time elapsed: 0.028 s <<< ERROR!
CompilationException(line=null, character=null, messageString=[Error parsing Python code: null])
	at in.ramanujan.translation.codeConverter.CodeConverter.interpretPython(CodeConverter.java:204)
	at in.ramanujan.translation.PythonCodeRunTest.interpretPythonAndGetVariableArrayMap(PythonCodeRunTest.java:1603)
	at in.ramanujan.translation.PythonCodeRunTest.testPythonDynamicSingleDimensionArray(PythonCodeRunTest.java:583)
	at java.base/jdk.internal.reflect.NativeMethodAccessorImpl.invoke0(Native Method)
	at java.base/jdk.internal.reflect.NativeMethodAccessorImpl.invoke(NativeMethodAccessorImpl.java:77)
	at java.base/jdk.internal.reflect.DelegatingMethodAccessorImpl.invoke(DelegatingMethodAccessorImpl.java:43)
	at java.base/java.lang.reflect.Method.invoke(Method.java:569)
	at org.junit.runners.model.FrameworkMethod$1.runReflectiveCall(FrameworkMethod.java:59)
	at org.junit.internal.runners.model.ReflectiveCallable.run(ReflectiveCallable.java:12)
	at org.junit.runners.model.FrameworkMethod.invokeExplosively(FrameworkMethod.java:56)
	at org.junit.internal.runners.statements.InvokeMethod.evaluate(InvokeMethod.java:17)
	at org.junit.internal.runners.statements.FailOnTimeout$CallableStatement.call(FailOnTimeout.java:299)
	at org.junit.internal.runners.statements.FailOnTimeout$CallableStatement.call(FailOnTimeout.java:293)
	at java.base/java.util.concurrent.FutureTask.run(FutureTask.java:264)
	at java.base/java.lang.Thread.run(Thread.java:840)

in.ramanujan.translation.PythonCodeRunTest.testPythonReturnInWhileLoop -- Time elapsed: 0.028 s <<< ERROR!
CompilationException(line=null, character=null, messageString=[Error parsing Python code: null])
	at in.ramanujan.translation.codeConverter.CodeConverter.interpretPython(CodeConverter.java:204)
	at in.ramanujan.translation.PythonCodeRunTest.interpretPythonAndGetVariableArrayMap(PythonCodeRunTest.java:1603)
	at in.ramanujan.translation.PythonCodeRunTest.testPythonReturnInWhileLoop(PythonCodeRunTest.java:994)
	at java.base/jdk.internal.reflect.NativeMethodAccessorImpl.invoke0(Native Method)
	at java.base/jdk.internal.reflect.NativeMethodAccessorImpl.invoke(NativeMethodAccessorImpl.java:77)
	at java.base/jdk.internal.reflect.DelegatingMethodAccessorImpl.invoke(DelegatingMethodAccessorImpl.java:43)
	at java.base/java.lang.reflect.Method.invoke(Method.java:569)
	at org.junit.runners.model.FrameworkMethod$1.runReflectiveCall(FrameworkMethod.java:59)
	at org.junit.internal.runners.model.ReflectiveCallable.run(ReflectiveCallable.java:12)
	at org.junit.runners.model.FrameworkMethod.invokeExplosively(FrameworkMethod.java:56)
	at org.junit.internal.runners.statements.InvokeMethod.evaluate(InvokeMethod.java:17)
	at org.junit.internal.runners.statements.FailOnTimeout$CallableStatement.call(FailOnTimeout.java:299)
	at org.junit.internal.runners.statements.FailOnTimeout$CallableStatement.call(FailOnTimeout.java:293)
	at java.base/java.util.concurrent.FutureTask.run(FutureTask.java:264)
	at java.base/java.lang.Thread.run(Thread.java:840)

in.ramanujan.translation.PythonCodeRunTest.testPythonWhileLoopArrayReturnComplex -- Time elapsed: 0.028 s <<< ERROR!
CompilationException(line=null, character=null, messageString=[Error parsing Python code: null])
	at in.ramanujan.translation.codeConverter.CodeConverter.interpretPython(CodeConverter.java:204)
	at in.ramanujan.translation.PythonCodeRunTest.interpretPythonAndGetVariableArrayMap(PythonCodeRunTest.java:1603)
	at in.ramanujan.translation.PythonCodeRunTest.testPythonWhileLoopArrayReturnComplex(PythonCodeRunTest.java:1370)
	at java.base/jdk.internal.reflect.NativeMethodAccessorImpl.invoke0(Native Method)
	at java.base/jdk.internal.reflect.NativeMethodAccessorImpl.invoke(NativeMethodAccessorImpl.java:77)
	at java.base/jdk.internal.reflect.DelegatingMethodAccessorImpl.invoke(DelegatingMethodAccessorImpl.java:43)
	at java.base/java.lang.reflect.Method.invoke(Method.java:569)
	at org.junit.runners.model.FrameworkMethod$1.runReflectiveCall(FrameworkMethod.java:59)
	at org.junit.internal.runners.model.ReflectiveCallable.run(ReflectiveCallable.java:12)
	at org.junit.runners.model.FrameworkMethod.invokeExplosively(FrameworkMethod.java:56)
	at org.junit.internal.runners.statements.InvokeMethod.evaluate(InvokeMethod.java:17)
	at org.junit.internal.runners.statements.FailOnTimeout$CallableStatement.call(FailOnTimeout.java:299)
	at org.junit.internal.runners.statements.FailOnTimeout$CallableStatement.call(FailOnTimeout.java:293)
	at java.base/java.util.concurrent.FutureTask.run(FutureTask.java:264)
	at java.base/java.lang.Thread.run(Thread.java:840)

in.ramanujan.translation.PythonCodeRunTest.testPythonDynamic2DArrayWithNestedLoops -- Time elapsed: 0.028 s <<< ERROR!
CompilationException(line=null, character=null, messageString=[Error parsing Python code: null])
	at in.ramanujan.translation.codeConverter.CodeConverter.interpretPython(CodeConverter.java:204)
	at in.ramanujan.translation.PythonCodeRunTest.interpretPythonAndGetVariableArrayMap(PythonCodeRunTest.java:1603)
	at in.ramanujan.translation.PythonCodeRunTest.testPythonDynamic2DArrayWithNestedLoops(PythonCodeRunTest.java:633)
	at java.base/jdk.internal.reflect.NativeMethodAccessorImpl.invoke0(Native Method)
	at java.base/jdk.internal.reflect.NativeMethodAccessorImpl.invoke(NativeMethodAccessorImpl.java:77)
	at java.base/jdk.internal.reflect.DelegatingMethodAccessorImpl.invoke(DelegatingMethodAccessorImpl.java:43)
	at java.base/java.lang.reflect.Method.invoke(Method.java:569)
	at org.junit.runners.model.FrameworkMethod$1.runReflectiveCall(FrameworkMethod.java:59)
	at org.junit.internal.runners.model.ReflectiveCallable.run(ReflectiveCallable.java:12)
	at org.junit.runners.model.FrameworkMethod.invokeExplosively(FrameworkMethod.java:56)
	at org.junit.internal.runners.statements.InvokeMethod.evaluate(InvokeMethod.java:17)
	at org.junit.internal.runners.statements.FailOnTimeout$CallableStatement.call(FailOnTimeout.java:299)
	at org.junit.internal.runners.statements.FailOnTimeout$CallableStatement.call(FailOnTimeout.java:293)
	at java.base/java.util.concurrent.FutureTask.run(FutureTask.java:264)
	at java.base/java.lang.Thread.run(Thread.java:840)

in.ramanujan.translation.PythonCodeRunTest.testPythonStateMachineReturns -- Time elapsed: 0.029 s <<< ERROR!
CompilationException(line=null, character=null, messageString=[Error parsing Python code: null])
	at in.ramanujan.translation.codeConverter.CodeConverter.interpretPython(CodeConverter.java:204)
	at in.ramanujan.translation.PythonCodeRunTest.interpretPythonAndGetVariableArrayMap(PythonCodeRunTest.java:1603)
	at in.ramanujan.translation.PythonCodeRunTest.testPythonStateMachineReturns(PythonCodeRunTest.java:1298)
	at java.base/jdk.internal.reflect.NativeMethodAccessorImpl.invoke0(Native Method)
	at java.base/jdk.internal.reflect.NativeMethodAccessorImpl.invoke(NativeMethodAccessorImpl.java:77)
	at java.base/jdk.internal.reflect.DelegatingMethodAccessorImpl.invoke(DelegatingMethodAccessorImpl.java:43)
	at java.base/java.lang.reflect.Method.invoke(Method.java:569)
	at org.junit.runners.model.FrameworkMethod$1.runReflectiveCall(FrameworkMethod.java:59)
	at org.junit.internal.runners.model.ReflectiveCallable.run(ReflectiveCallable.java:12)
	at org.junit.runners.model.FrameworkMethod.invokeExplosively(FrameworkMethod.java:56)
	at org.junit.internal.runners.statements.InvokeMethod.evaluate(InvokeMethod.java:17)
	at org.junit.internal.runners.statements.FailOnTimeout$CallableStatement.call(FailOnTimeout.java:299)
	at org.junit.internal.runners.statements.FailOnTimeout$CallableStatement.call(FailOnTimeout.java:293)
	at java.base/java.util.concurrent.FutureTask.run(FutureTask.java:264)
	at java.base/java.lang.Thread.run(Thread.java:840)

in.ramanujan.translation.PythonCodeRunTest.testPythonRecursiveFactorial -- Time elapsed: 0.028 s <<< ERROR!
CompilationException(line=null, character=null, messageString=[Error parsing Python code: null])
	at in.ramanujan.translation.codeConverter.CodeConverter.interpretPython(CodeConverter.java:204)
	at in.ramanujan.translation.PythonCodeRunTest.interpretPythonAndGetVariableArrayMap(PythonCodeRunTest.java:1603)
	at in.ramanujan.translation.PythonCodeRunTest.testPythonRecursiveFactorial(PythonCodeRunTest.java:169)
	at java.base/jdk.internal.reflect.NativeMethodAccessorImpl.invoke0(Native Method)
	at java.base/jdk.internal.reflect.NativeMethodAccessorImpl.invoke(NativeMethodAccessorImpl.java:77)
	at java.base/jdk.internal.reflect.DelegatingMethodAccessorImpl.invoke(DelegatingMethodAccessorImpl.java:43)
	at java.base/java.lang.reflect.Method.invoke(Method.java:569)
	at org.junit.runners.model.FrameworkMethod$1.runReflectiveCall(FrameworkMethod.java:59)
	at org.junit.internal.runners.model.ReflectiveCallable.run(ReflectiveCallable.java:12)
	at org.junit.runners.model.FrameworkMethod.invokeExplosively(FrameworkMethod.java:56)
	at org.junit.internal.runners.statements.InvokeMethod.evaluate(InvokeMethod.java:17)
	at org.junit.internal.runners.statements.FailOnTimeout$CallableStatement.call(FailOnTimeout.java:299)
	at org.junit.internal.runners.statements.FailOnTimeout$CallableStatement.call(FailOnTimeout.java:293)
	at java.base/java.util.concurrent.FutureTask.run(FutureTask.java:264)
	at java.base/java.lang.Thread.run(Thread.java:840)

in.ramanujan.translation.PythonCodeRunTest.testPythonRecursiveFibonacci -- Time elapsed: 0.028 s <<< ERROR!
CompilationException(line=null, character=null, messageString=[Error parsing Python code: null])
	at in.ramanujan.translation.codeConverter.CodeConverter.interpretPython(CodeConverter.java:204)
	at in.ramanujan.translation.PythonCodeRunTest.interpretPythonAndGetVariableArrayMap(PythonCodeRunTest.java:1603)
	at in.ramanujan.translation.PythonCodeRunTest.testPythonRecursiveFibonacci(PythonCodeRunTest.java:258)
	at java.base/jdk.internal.reflect.NativeMethodAccessorImpl.invoke0(Native Method)
	at java.base/jdk.internal.reflect.NativeMethodAccessorImpl.invoke(NativeMethodAccessorImpl.java:77)
	at java.base/jdk.internal.reflect.DelegatingMethodAccessorImpl.invoke(DelegatingMethodAccessorImpl.java:43)
	at java.base/java.lang.reflect.Method.invoke(Method.java:569)
	at org.junit.runners.model.FrameworkMethod$1.runReflectiveCall(FrameworkMethod.java:59)
	at org.junit.internal.runners.model.ReflectiveCallable.run(ReflectiveCallable.java:12)
	at org.junit.runners.model.FrameworkMethod.invokeExplosively(FrameworkMethod.java:56)
	at org.junit.internal.runners.statements.InvokeMethod.evaluate(InvokeMethod.java:17)
	at org.junit.internal.runners.statements.FailOnTimeout$CallableStatement.call(FailOnTimeout.java:299)
	at org.junit.internal.runners.statements.FailOnTimeout$CallableStatement.call(FailOnTimeout.java:293)
	at java.base/java.util.concurrent.FutureTask.run(FutureTask.java:264)
	at java.base/java.lang.Thread.run(Thread.java:840)

in.ramanujan.translation.PythonCodeRunTest.testPythonDeeplyNestedIfElseReturns -- Time elapsed: 0.028 s <<< ERROR!
CompilationException(line=null, character=null, messageString=[Error parsing Python code: null])
	at in.ramanujan.translation.codeConverter.CodeConverter.interpretPython(CodeConverter.java:204)
	at in.ramanujan.translation.PythonCodeRunTest.interpretPythonAndGetVariableArrayMap(PythonCodeRunTest.java:1603)
	at in.ramanujan.translation.PythonCodeRunTest.testPythonDeeplyNestedIfElseReturns(PythonCodeRunTest.java:934)
	at java.base/jdk.internal.reflect.NativeMethodAccessorImpl.invoke0(Native Method)
	at java.base/jdk.internal.reflect.NativeMethodAccessorImpl.invoke(NativeMethodAccessorImpl.java:77)
	at java.base/jdk.internal.reflect.DelegatingMethodAccessorImpl.invoke(DelegatingMethodAccessorImpl.java:43)
	at java.base/java.lang.reflect.Method.invoke(Method.java:569)
	at org.junit.runners.model.FrameworkMethod$1.runReflectiveCall(FrameworkMethod.java:59)
	at org.junit.internal.runners.model.ReflectiveCallable.run(ReflectiveCallable.java:12)
	at org.junit.runners.model.FrameworkMethod.invokeExplosively(FrameworkMethod.java:56)
	at org.junit.internal.runners.statements.InvokeMethod.evaluate(InvokeMethod.java:17)
	at org.junit.internal.runners.statements.FailOnTimeout$CallableStatement.call(FailOnTimeout.java:299)
	at org.junit.internal.runners.statements.FailOnTimeout$CallableStatement.call(FailOnTimeout.java:293)
	at java.base/java.util.concurrent.FutureTask.run(FutureTask.java:264)
	at java.base/java.lang.Thread.run(Thread.java:840)

in.ramanujan.translation.PythonCodeRunTest.testPythonReturnInNestedWhileLoops -- Time elapsed: 0.027 s <<< ERROR!
CompilationException(line=null, character=null, messageString=[Error parsing Python code: null])
	at in.ramanujan.translation.codeConverter.CodeConverter.interpretPython(CodeConverter.java:204)
	at in.ramanujan.translation.PythonCodeRunTest.interpretPythonAndGetVariableArrayMap(PythonCodeRunTest.java:1603)
	at in.ramanujan.translation.PythonCodeRunTest.testPythonReturnInNestedWhileLoops(PythonCodeRunTest.java:1043)
	at java.base/jdk.internal.reflect.NativeMethodAccessorImpl.invoke0(Native Method)
	at java.base/jdk.internal.reflect.NativeMethodAccessorImpl.invoke(NativeMethodAccessorImpl.java:77)
	at java.base/jdk.internal.reflect.DelegatingMethodAccessorImpl.invoke(DelegatingMethodAccessorImpl.java:43)
	at java.base/java.lang.reflect.Method.invoke(Method.java:569)
	at org.junit.runners.model.FrameworkMethod$1.runReflectiveCall(FrameworkMethod.java:59)
	at org.junit.internal.runners.model.ReflectiveCallable.run(ReflectiveCallable.java:12)
	at org.junit.runners.model.FrameworkMethod.invokeExplosively(FrameworkMethod.java:56)
	at org.junit.internal.runners.statements.InvokeMethod.evaluate(InvokeMethod.java:17)
	at org.junit.internal.runners.statements.FailOnTimeout$CallableStatement.call(FailOnTimeout.java:299)
	at org.junit.internal.runners.statements.FailOnTimeout$CallableStatement.call(FailOnTimeout.java:293)
	at java.base/java.util.concurrent.FutureTask.run(FutureTask.java:264)
	at java.base/java.lang.Thread.run(Thread.java:840)

in.ramanujan.translation.PythonCodeRunTest.testPythonComplexGradientDescentWorkload -- Time elapsed: 0.027 s <<< ERROR!
CompilationException(line=null, character=null, messageString=[Error parsing Python code: null])
	at in.ramanujan.translation.codeConverter.CodeConverter.interpretPython(CodeConverter.java:204)
	at in.ramanujan.translation.PythonCodeRunTest.interpretPythonAndGetVariableArrayMap(PythonCodeRunTest.java:1603)
	at in.ramanujan.translation.PythonCodeRunTest.testPythonComplexGradientDescentWorkload(PythonCodeRunTest.java:1869)
	at java.base/jdk.internal.reflect.NativeMethodAccessorImpl.invoke0(Native Method)
	at java.base/jdk.internal.reflect.NativeMethodAccessorImpl.invoke(NativeMethodAccessorImpl.java:77)
	at java.base/jdk.internal.reflect.DelegatingMethodAccessorImpl.invoke(DelegatingMethodAccessorImpl.java:43)
	at java.base/java.lang.reflect.Method.invoke(Method.java:569)
	at org.junit.runners.model.FrameworkMethod$1.runReflectiveCall(FrameworkMethod.java:59)
	at org.junit.internal.runners.model.ReflectiveCallable.run(ReflectiveCallable.java:12)
	at org.junit.runners.model.FrameworkMethod.invokeExplosively(FrameworkMethod.java:56)
	at org.junit.internal.runners.statements.InvokeMethod.evaluate(InvokeMethod.java:17)
	at org.junit.internal.runners.statements.FailOnTimeout$CallableStatement.call(FailOnTimeout.java:299)
	at org.junit.internal.runners.statements.FailOnTimeout$CallableStatement.call(FailOnTimeout.java:293)
	at java.base/java.util.concurrent.FutureTask.run(FutureTask.java:264)
	at java.base/java.lang.Thread.run(Thread.java:840)

in.ramanujan.translation.PythonCodeRunTest.testPythonBigGradientWorkload -- Time elapsed: 0.028 s <<< ERROR!
CompilationException(line=null, character=null, messageString=[Error parsing Python code: null])
	at in.ramanujan.translation.codeConverter.CodeConverter.interpretPython(CodeConverter.java:204)
	at in.ramanujan.translation.PythonCodeRunTest.interpretPythonAndGetVariableArrayMap(PythonCodeRunTest.java:1603)
	at in.ramanujan.translation.PythonCodeRunTest.testPythonBigGradientWorkload(PythonCodeRunTest.java:1700)
	at java.base/jdk.internal.reflect.NativeMethodAccessorImpl.invoke0(Native Method)
	at java.base/jdk.internal.reflect.NativeMethodAccessorImpl.invoke(NativeMethodAccessorImpl.java:77)
	at java.base/jdk.internal.reflect.DelegatingMethodAccessorImpl.invoke(DelegatingMethodAccessorImpl.java:43)
	at java.base/java.lang.reflect.Method.invoke(Method.java:569)
	at org.junit.runners.model.FrameworkMethod$1.runReflectiveCall(FrameworkMethod.java:59)
	at org.junit.internal.runners.model.ReflectiveCallable.run(ReflectiveCallable.java:12)
	at org.junit.runners.model.FrameworkMethod.invokeExplosively(FrameworkMethod.java:56)
	at org.junit.internal.runners.statements.InvokeMethod.evaluate(InvokeMethod.java:17)
	at org.junit.internal.runners.statements.FailOnTimeout$CallableStatement.call(FailOnTimeout.java:299)
	at org.junit.internal.runners.statements.FailOnTimeout$CallableStatement.call(FailOnTimeout.java:293)
	at java.base/java.util.concurrent.FutureTask.run(FutureTask.java:264)
	at java.base/java.lang.Thread.run(Thread.java:840)

in.ramanujan.translation.PythonCodeRunTest.testPythonSimpleArrayOperations -- Time elapsed: 0.028 s <<< ERROR!
CompilationException(line=null, character=null, messageString=[Error parsing Python code: null])
	at in.ramanujan.translation.codeConverter.CodeConverter.interpretPython(CodeConverter.java:204)
	at in.ramanujan.translation.PythonCodeRunTest.interpretPythonAndGetVariableArrayMap(PythonCodeRunTest.java:1603)
	at in.ramanujan.translation.PythonCodeRunTest.testPythonSimpleArrayOperations(PythonCodeRunTest.java:810)
	at java.base/jdk.internal.reflect.NativeMethodAccessorImpl.invoke0(Native Method)
	at java.base/jdk.internal.reflect.NativeMethodAccessorImpl.invoke(NativeMethodAccessorImpl.java:77)
	at java.base/jdk.internal.reflect.DelegatingMethodAccessorImpl.invoke(DelegatingMethodAccessorImpl.java:43)
	at java.base/java.lang.reflect.Method.invoke(Method.java:569)
	at org.junit.runners.model.FrameworkMethod$1.runReflectiveCall(FrameworkMethod.java:59)
	at org.junit.internal.runners.model.ReflectiveCallable.run(ReflectiveCallable.java:12)
	at org.junit.runners.model.FrameworkMethod.invokeExplosively(FrameworkMethod.java:56)
	at org.junit.internal.runners.statements.InvokeMethod.evaluate(InvokeMethod.java:17)
	at org.junit.internal.runners.statements.FailOnTimeout$CallableStatement.call(FailOnTimeout.java:299)
	at org.junit.internal.runners.statements.FailOnTimeout$CallableStatement.call(FailOnTimeout.java:293)
	at java.base/java.util.concurrent.FutureTask.run(FutureTask.java:264)
	at java.base/java.lang.Thread.run(Thread.java:840)

